[2024-05-14T15:48:25.859+0000] {processor.py:161} INFO - Started process (PID=2826) to work on /opt/airflow/dags/airflow.py
[2024-05-14T15:48:25.861+0000] {processor.py:830} INFO - Processing file /opt/airflow/dags/airflow.py for tasks to queue
[2024-05-14T15:48:25.863+0000] {logging_mixin.py:188} INFO - [2024-05-14T15:48:25.862+0000] {dagbag.py:545} INFO - Filling up the DagBag from /opt/airflow/dags/airflow.py
[2024-05-14T15:48:25.927+0000] {processor.py:840} INFO - DAG(s) 'airflows' retrieved from /opt/airflow/dags/airflow.py
[2024-05-14T15:48:26.156+0000] {logging_mixin.py:188} INFO - [2024-05-14T15:48:26.156+0000] {dag.py:3096} INFO - Sync 1 DAGs
[2024-05-14T15:48:26.196+0000] {logging_mixin.py:188} INFO - [2024-05-14T15:48:26.196+0000] {dag.py:3954} INFO - Setting next_dagrun for airflows to None, run_after=None
[2024-05-14T15:48:26.244+0000] {processor.py:183} INFO - Processing /opt/airflow/dags/airflow.py took 0.395 seconds
[2024-05-14T15:48:56.447+0000] {processor.py:161} INFO - Started process (PID=2833) to work on /opt/airflow/dags/airflow.py
[2024-05-14T15:48:56.459+0000] {processor.py:830} INFO - Processing file /opt/airflow/dags/airflow.py for tasks to queue
[2024-05-14T15:48:56.463+0000] {logging_mixin.py:188} INFO - [2024-05-14T15:48:56.462+0000] {dagbag.py:545} INFO - Filling up the DagBag from /opt/airflow/dags/airflow.py
[2024-05-14T15:48:56.574+0000] {processor.py:840} INFO - DAG(s) 'airflows' retrieved from /opt/airflow/dags/airflow.py
[2024-05-14T15:48:56.682+0000] {logging_mixin.py:188} INFO - [2024-05-14T15:48:56.681+0000] {dag.py:3096} INFO - Sync 1 DAGs
[2024-05-14T15:48:56.810+0000] {logging_mixin.py:188} INFO - [2024-05-14T15:48:56.810+0000] {dag.py:3954} INFO - Setting next_dagrun for airflows to None, run_after=None
[2024-05-14T15:48:56.936+0000] {processor.py:183} INFO - Processing /opt/airflow/dags/airflow.py took 0.524 seconds
[2024-05-14T15:49:00.835+0000] {processor.py:161} INFO - Started process (PID=2834) to work on /opt/airflow/dags/airflow.py
[2024-05-14T15:49:00.837+0000] {processor.py:830} INFO - Processing file /opt/airflow/dags/airflow.py for tasks to queue
[2024-05-14T15:49:00.838+0000] {logging_mixin.py:188} INFO - [2024-05-14T15:49:00.838+0000] {dagbag.py:545} INFO - Filling up the DagBag from /opt/airflow/dags/airflow.py
[2024-05-14T15:49:00.903+0000] {processor.py:840} INFO - DAG(s) 'airflows' retrieved from /opt/airflow/dags/airflow.py
[2024-05-14T15:49:00.942+0000] {logging_mixin.py:188} INFO - [2024-05-14T15:49:00.941+0000] {dag.py:3096} INFO - Sync 1 DAGs
[2024-05-14T15:49:00.976+0000] {logging_mixin.py:188} INFO - [2024-05-14T15:49:00.976+0000] {dag.py:3954} INFO - Setting next_dagrun for airflows to None, run_after=None
[2024-05-14T15:49:01.021+0000] {processor.py:183} INFO - Processing /opt/airflow/dags/airflow.py took 0.196 seconds
[2024-05-14T15:49:01.925+0000] {processor.py:161} INFO - Started process (PID=2835) to work on /opt/airflow/dags/airflow.py
[2024-05-14T15:49:01.934+0000] {processor.py:830} INFO - Processing file /opt/airflow/dags/airflow.py for tasks to queue
[2024-05-14T15:49:01.937+0000] {logging_mixin.py:188} INFO - [2024-05-14T15:49:01.936+0000] {dagbag.py:545} INFO - Filling up the DagBag from /opt/airflow/dags/airflow.py
[2024-05-14T15:49:02.086+0000] {processor.py:840} INFO - DAG(s) 'airflows' retrieved from /opt/airflow/dags/airflow.py
[2024-05-14T15:49:02.167+0000] {logging_mixin.py:188} INFO - [2024-05-14T15:49:02.166+0000] {dag.py:3096} INFO - Sync 1 DAGs
[2024-05-14T15:49:02.243+0000] {logging_mixin.py:188} INFO - [2024-05-14T15:49:02.242+0000] {dag.py:3954} INFO - Setting next_dagrun for airflows to None, run_after=None
[2024-05-14T15:49:02.348+0000] {processor.py:183} INFO - Processing /opt/airflow/dags/airflow.py took 0.468 seconds
[2024-05-14T15:49:27.038+0000] {processor.py:161} INFO - Started process (PID=2842) to work on /opt/airflow/dags/airflow.py
[2024-05-14T15:49:27.040+0000] {processor.py:830} INFO - Processing file /opt/airflow/dags/airflow.py for tasks to queue
[2024-05-14T15:49:27.042+0000] {logging_mixin.py:188} INFO - [2024-05-14T15:49:27.042+0000] {dagbag.py:545} INFO - Filling up the DagBag from /opt/airflow/dags/airflow.py
[2024-05-14T15:49:27.133+0000] {processor.py:840} INFO - DAG(s) 'airflows' retrieved from /opt/airflow/dags/airflow.py
[2024-05-14T15:49:27.350+0000] {logging_mixin.py:188} INFO - [2024-05-14T15:49:27.349+0000] {dag.py:3096} INFO - Sync 1 DAGs
[2024-05-14T15:49:27.397+0000] {logging_mixin.py:188} INFO - [2024-05-14T15:49:27.396+0000] {dag.py:3954} INFO - Setting next_dagrun for airflows to None, run_after=None
[2024-05-14T15:49:27.458+0000] {processor.py:183} INFO - Processing /opt/airflow/dags/airflow.py took 0.432 seconds
[2024-05-14T15:49:57.821+0000] {processor.py:161} INFO - Started process (PID=2850) to work on /opt/airflow/dags/airflow.py
[2024-05-14T15:49:57.823+0000] {processor.py:830} INFO - Processing file /opt/airflow/dags/airflow.py for tasks to queue
[2024-05-14T15:49:57.825+0000] {logging_mixin.py:188} INFO - [2024-05-14T15:49:57.824+0000] {dagbag.py:545} INFO - Filling up the DagBag from /opt/airflow/dags/airflow.py
[2024-05-14T15:49:57.882+0000] {processor.py:840} INFO - DAG(s) 'airflows' retrieved from /opt/airflow/dags/airflow.py
[2024-05-14T15:49:57.927+0000] {logging_mixin.py:188} INFO - [2024-05-14T15:49:57.927+0000] {dag.py:3096} INFO - Sync 1 DAGs
[2024-05-14T15:49:57.964+0000] {logging_mixin.py:188} INFO - [2024-05-14T15:49:57.964+0000] {dag.py:3954} INFO - Setting next_dagrun for airflows to None, run_after=None
[2024-05-14T15:49:58.014+0000] {processor.py:183} INFO - Processing /opt/airflow/dags/airflow.py took 0.205 seconds
[2024-05-14T15:50:28.102+0000] {processor.py:161} INFO - Started process (PID=2857) to work on /opt/airflow/dags/airflow.py
[2024-05-14T15:50:28.105+0000] {processor.py:830} INFO - Processing file /opt/airflow/dags/airflow.py for tasks to queue
[2024-05-14T15:50:28.107+0000] {logging_mixin.py:188} INFO - [2024-05-14T15:50:28.106+0000] {dagbag.py:545} INFO - Filling up the DagBag from /opt/airflow/dags/airflow.py
[2024-05-14T15:50:28.169+0000] {processor.py:840} INFO - DAG(s) 'airflows' retrieved from /opt/airflow/dags/airflow.py
[2024-05-14T15:50:28.206+0000] {logging_mixin.py:188} INFO - [2024-05-14T15:50:28.206+0000] {dag.py:3096} INFO - Sync 1 DAGs
[2024-05-14T15:50:28.245+0000] {logging_mixin.py:188} INFO - [2024-05-14T15:50:28.244+0000] {dag.py:3954} INFO - Setting next_dagrun for airflows to None, run_after=None
[2024-05-14T15:50:28.284+0000] {processor.py:183} INFO - Processing /opt/airflow/dags/airflow.py took 0.197 seconds
[2024-05-14T15:50:58.381+0000] {processor.py:161} INFO - Started process (PID=2864) to work on /opt/airflow/dags/airflow.py
[2024-05-14T15:50:58.383+0000] {processor.py:830} INFO - Processing file /opt/airflow/dags/airflow.py for tasks to queue
[2024-05-14T15:50:58.384+0000] {logging_mixin.py:188} INFO - [2024-05-14T15:50:58.384+0000] {dagbag.py:545} INFO - Filling up the DagBag from /opt/airflow/dags/airflow.py
[2024-05-14T15:50:58.443+0000] {processor.py:840} INFO - DAG(s) 'airflows' retrieved from /opt/airflow/dags/airflow.py
[2024-05-14T15:50:58.479+0000] {logging_mixin.py:188} INFO - [2024-05-14T15:50:58.479+0000] {dag.py:3096} INFO - Sync 1 DAGs
[2024-05-14T15:50:58.512+0000] {logging_mixin.py:188} INFO - [2024-05-14T15:50:58.512+0000] {dag.py:3954} INFO - Setting next_dagrun for airflows to None, run_after=None
[2024-05-14T15:50:58.546+0000] {processor.py:183} INFO - Processing /opt/airflow/dags/airflow.py took 0.173 seconds
[2024-05-14T15:51:28.929+0000] {processor.py:161} INFO - Started process (PID=2871) to work on /opt/airflow/dags/airflow.py
[2024-05-14T15:51:28.931+0000] {processor.py:830} INFO - Processing file /opt/airflow/dags/airflow.py for tasks to queue
[2024-05-14T15:51:28.934+0000] {logging_mixin.py:188} INFO - [2024-05-14T15:51:28.933+0000] {dagbag.py:545} INFO - Filling up the DagBag from /opt/airflow/dags/airflow.py
[2024-05-14T15:51:28.993+0000] {processor.py:840} INFO - DAG(s) 'airflows' retrieved from /opt/airflow/dags/airflow.py
[2024-05-14T15:51:29.047+0000] {logging_mixin.py:188} INFO - [2024-05-14T15:51:29.047+0000] {dag.py:3096} INFO - Sync 1 DAGs
[2024-05-14T15:51:29.103+0000] {logging_mixin.py:188} INFO - [2024-05-14T15:51:29.102+0000] {dag.py:3954} INFO - Setting next_dagrun for airflows to None, run_after=None
[2024-05-14T15:51:29.168+0000] {processor.py:183} INFO - Processing /opt/airflow/dags/airflow.py took 0.254 seconds
[2024-05-14T15:51:59.655+0000] {processor.py:161} INFO - Started process (PID=2878) to work on /opt/airflow/dags/airflow.py
[2024-05-14T15:51:59.657+0000] {processor.py:830} INFO - Processing file /opt/airflow/dags/airflow.py for tasks to queue
[2024-05-14T15:51:59.660+0000] {logging_mixin.py:188} INFO - [2024-05-14T15:51:59.659+0000] {dagbag.py:545} INFO - Filling up the DagBag from /opt/airflow/dags/airflow.py
[2024-05-14T15:51:59.714+0000] {processor.py:840} INFO - DAG(s) 'airflows' retrieved from /opt/airflow/dags/airflow.py
[2024-05-14T15:51:59.778+0000] {logging_mixin.py:188} INFO - [2024-05-14T15:51:59.778+0000] {dag.py:3096} INFO - Sync 1 DAGs
[2024-05-14T15:51:59.836+0000] {logging_mixin.py:188} INFO - [2024-05-14T15:51:59.836+0000] {dag.py:3954} INFO - Setting next_dagrun for airflows to None, run_after=None
[2024-05-14T15:51:59.884+0000] {processor.py:183} INFO - Processing /opt/airflow/dags/airflow.py took 0.241 seconds
[2024-05-14T15:52:30.195+0000] {processor.py:161} INFO - Started process (PID=2885) to work on /opt/airflow/dags/airflow.py
[2024-05-14T15:52:30.198+0000] {processor.py:830} INFO - Processing file /opt/airflow/dags/airflow.py for tasks to queue
[2024-05-14T15:52:30.203+0000] {logging_mixin.py:188} INFO - [2024-05-14T15:52:30.202+0000] {dagbag.py:545} INFO - Filling up the DagBag from /opt/airflow/dags/airflow.py
[2024-05-14T15:52:30.274+0000] {processor.py:840} INFO - DAG(s) 'airflows' retrieved from /opt/airflow/dags/airflow.py
[2024-05-14T15:52:30.361+0000] {logging_mixin.py:188} INFO - [2024-05-14T15:52:30.360+0000] {dag.py:3096} INFO - Sync 1 DAGs
[2024-05-14T15:52:30.427+0000] {logging_mixin.py:188} INFO - [2024-05-14T15:52:30.426+0000] {dag.py:3954} INFO - Setting next_dagrun for airflows to None, run_after=None
[2024-05-14T15:52:30.489+0000] {processor.py:183} INFO - Processing /opt/airflow/dags/airflow.py took 0.307 seconds
[2024-05-14T15:53:00.712+0000] {processor.py:161} INFO - Started process (PID=2892) to work on /opt/airflow/dags/airflow.py
[2024-05-14T15:53:00.714+0000] {processor.py:830} INFO - Processing file /opt/airflow/dags/airflow.py for tasks to queue
[2024-05-14T15:53:00.716+0000] {logging_mixin.py:188} INFO - [2024-05-14T15:53:00.715+0000] {dagbag.py:545} INFO - Filling up the DagBag from /opt/airflow/dags/airflow.py
[2024-05-14T15:53:00.770+0000] {processor.py:840} INFO - DAG(s) 'airflows' retrieved from /opt/airflow/dags/airflow.py
[2024-05-14T15:53:00.840+0000] {logging_mixin.py:188} INFO - [2024-05-14T15:53:00.838+0000] {dag.py:3096} INFO - Sync 1 DAGs
[2024-05-14T15:53:00.908+0000] {logging_mixin.py:188} INFO - [2024-05-14T15:53:00.907+0000] {dag.py:3954} INFO - Setting next_dagrun for airflows to None, run_after=None
[2024-05-14T15:53:00.960+0000] {processor.py:183} INFO - Processing /opt/airflow/dags/airflow.py took 0.263 seconds
[2024-05-14T15:53:31.624+0000] {processor.py:161} INFO - Started process (PID=2899) to work on /opt/airflow/dags/airflow.py
[2024-05-14T15:53:31.627+0000] {processor.py:830} INFO - Processing file /opt/airflow/dags/airflow.py for tasks to queue
[2024-05-14T15:53:31.637+0000] {logging_mixin.py:188} INFO - [2024-05-14T15:53:31.634+0000] {dagbag.py:545} INFO - Filling up the DagBag from /opt/airflow/dags/airflow.py
[2024-05-14T15:53:31.706+0000] {processor.py:840} INFO - DAG(s) 'airflows' retrieved from /opt/airflow/dags/airflow.py
[2024-05-14T15:53:31.775+0000] {logging_mixin.py:188} INFO - [2024-05-14T15:53:31.773+0000] {dag.py:3096} INFO - Sync 1 DAGs
[2024-05-14T15:53:31.835+0000] {logging_mixin.py:188} INFO - [2024-05-14T15:53:31.835+0000] {dag.py:3954} INFO - Setting next_dagrun for airflows to None, run_after=None
[2024-05-14T15:53:31.879+0000] {processor.py:183} INFO - Processing /opt/airflow/dags/airflow.py took 0.276 seconds
[2024-05-14T15:54:02.034+0000] {processor.py:161} INFO - Started process (PID=2906) to work on /opt/airflow/dags/airflow.py
[2024-05-14T15:54:02.036+0000] {processor.py:830} INFO - Processing file /opt/airflow/dags/airflow.py for tasks to queue
[2024-05-14T15:54:02.037+0000] {logging_mixin.py:188} INFO - [2024-05-14T15:54:02.037+0000] {dagbag.py:545} INFO - Filling up the DagBag from /opt/airflow/dags/airflow.py
[2024-05-14T15:54:02.079+0000] {processor.py:840} INFO - DAG(s) 'airflows' retrieved from /opt/airflow/dags/airflow.py
[2024-05-14T15:54:02.122+0000] {logging_mixin.py:188} INFO - [2024-05-14T15:54:02.122+0000] {dag.py:3096} INFO - Sync 1 DAGs
[2024-05-14T15:54:02.161+0000] {logging_mixin.py:188} INFO - [2024-05-14T15:54:02.161+0000] {dag.py:3954} INFO - Setting next_dagrun for airflows to None, run_after=None
[2024-05-14T15:54:02.192+0000] {processor.py:183} INFO - Processing /opt/airflow/dags/airflow.py took 0.167 seconds
[2024-05-14T15:54:32.292+0000] {processor.py:161} INFO - Started process (PID=2914) to work on /opt/airflow/dags/airflow.py
[2024-05-14T15:54:32.294+0000] {processor.py:830} INFO - Processing file /opt/airflow/dags/airflow.py for tasks to queue
[2024-05-14T15:54:32.296+0000] {logging_mixin.py:188} INFO - [2024-05-14T15:54:32.295+0000] {dagbag.py:545} INFO - Filling up the DagBag from /opt/airflow/dags/airflow.py
[2024-05-14T15:54:32.356+0000] {processor.py:840} INFO - DAG(s) 'airflows' retrieved from /opt/airflow/dags/airflow.py
[2024-05-14T15:54:32.408+0000] {logging_mixin.py:188} INFO - [2024-05-14T15:54:32.408+0000] {dag.py:3096} INFO - Sync 1 DAGs
[2024-05-14T15:54:32.455+0000] {logging_mixin.py:188} INFO - [2024-05-14T15:54:32.455+0000] {dag.py:3954} INFO - Setting next_dagrun for airflows to None, run_after=None
[2024-05-14T15:54:32.489+0000] {processor.py:183} INFO - Processing /opt/airflow/dags/airflow.py took 0.209 seconds
[2024-05-14T15:55:02.997+0000] {processor.py:161} INFO - Started process (PID=2921) to work on /opt/airflow/dags/airflow.py
[2024-05-14T15:55:02.999+0000] {processor.py:830} INFO - Processing file /opt/airflow/dags/airflow.py for tasks to queue
[2024-05-14T15:55:03.001+0000] {logging_mixin.py:188} INFO - [2024-05-14T15:55:03.000+0000] {dagbag.py:545} INFO - Filling up the DagBag from /opt/airflow/dags/airflow.py
[2024-05-14T15:55:03.045+0000] {processor.py:840} INFO - DAG(s) 'airflows' retrieved from /opt/airflow/dags/airflow.py
[2024-05-14T15:55:03.087+0000] {logging_mixin.py:188} INFO - [2024-05-14T15:55:03.087+0000] {dag.py:3096} INFO - Sync 1 DAGs
[2024-05-14T15:55:03.126+0000] {logging_mixin.py:188} INFO - [2024-05-14T15:55:03.125+0000] {dag.py:3954} INFO - Setting next_dagrun for airflows to None, run_after=None
[2024-05-14T15:55:03.181+0000] {processor.py:183} INFO - Processing /opt/airflow/dags/airflow.py took 0.194 seconds
[2024-05-14T15:55:33.517+0000] {processor.py:161} INFO - Started process (PID=2928) to work on /opt/airflow/dags/airflow.py
[2024-05-14T15:55:33.520+0000] {processor.py:830} INFO - Processing file /opt/airflow/dags/airflow.py for tasks to queue
[2024-05-14T15:55:33.522+0000] {logging_mixin.py:188} INFO - [2024-05-14T15:55:33.521+0000] {dagbag.py:545} INFO - Filling up the DagBag from /opt/airflow/dags/airflow.py
[2024-05-14T15:55:33.584+0000] {processor.py:840} INFO - DAG(s) 'airflows' retrieved from /opt/airflow/dags/airflow.py
[2024-05-14T15:55:33.633+0000] {logging_mixin.py:188} INFO - [2024-05-14T15:55:33.632+0000] {dag.py:3096} INFO - Sync 1 DAGs
[2024-05-14T15:55:33.673+0000] {logging_mixin.py:188} INFO - [2024-05-14T15:55:33.673+0000] {dag.py:3954} INFO - Setting next_dagrun for airflows to None, run_after=None
[2024-05-14T15:55:33.715+0000] {processor.py:183} INFO - Processing /opt/airflow/dags/airflow.py took 0.210 seconds
[2024-05-14T15:56:03.970+0000] {processor.py:161} INFO - Started process (PID=2936) to work on /opt/airflow/dags/airflow.py
[2024-05-14T15:56:03.972+0000] {processor.py:830} INFO - Processing file /opt/airflow/dags/airflow.py for tasks to queue
[2024-05-14T15:56:03.974+0000] {logging_mixin.py:188} INFO - [2024-05-14T15:56:03.973+0000] {dagbag.py:545} INFO - Filling up the DagBag from /opt/airflow/dags/airflow.py
[2024-05-14T15:56:04.041+0000] {processor.py:840} INFO - DAG(s) 'airflows' retrieved from /opt/airflow/dags/airflow.py
[2024-05-14T15:56:04.143+0000] {logging_mixin.py:188} INFO - [2024-05-14T15:56:04.142+0000] {dag.py:3096} INFO - Sync 1 DAGs
[2024-05-14T15:56:04.206+0000] {logging_mixin.py:188} INFO - [2024-05-14T15:56:04.205+0000] {dag.py:3954} INFO - Setting next_dagrun for airflows to None, run_after=None
[2024-05-14T15:56:04.261+0000] {processor.py:183} INFO - Processing /opt/airflow/dags/airflow.py took 0.303 seconds
[2024-05-14T15:56:34.409+0000] {processor.py:161} INFO - Started process (PID=2943) to work on /opt/airflow/dags/airflow.py
[2024-05-14T15:56:34.411+0000] {processor.py:830} INFO - Processing file /opt/airflow/dags/airflow.py for tasks to queue
[2024-05-14T15:56:34.413+0000] {logging_mixin.py:188} INFO - [2024-05-14T15:56:34.412+0000] {dagbag.py:545} INFO - Filling up the DagBag from /opt/airflow/dags/airflow.py
[2024-05-14T15:56:34.469+0000] {processor.py:840} INFO - DAG(s) 'airflows' retrieved from /opt/airflow/dags/airflow.py
[2024-05-14T15:56:34.526+0000] {logging_mixin.py:188} INFO - [2024-05-14T15:56:34.525+0000] {dag.py:3096} INFO - Sync 1 DAGs
[2024-05-14T15:56:34.582+0000] {logging_mixin.py:188} INFO - [2024-05-14T15:56:34.582+0000] {dag.py:3954} INFO - Setting next_dagrun for airflows to None, run_after=None
[2024-05-14T15:56:34.624+0000] {processor.py:183} INFO - Processing /opt/airflow/dags/airflow.py took 0.230 seconds
[2024-05-14T15:57:04.895+0000] {processor.py:161} INFO - Started process (PID=2951) to work on /opt/airflow/dags/airflow.py
[2024-05-14T15:57:04.896+0000] {processor.py:830} INFO - Processing file /opt/airflow/dags/airflow.py for tasks to queue
[2024-05-14T15:57:04.898+0000] {logging_mixin.py:188} INFO - [2024-05-14T15:57:04.898+0000] {dagbag.py:545} INFO - Filling up the DagBag from /opt/airflow/dags/airflow.py
[2024-05-14T15:57:04.947+0000] {processor.py:840} INFO - DAG(s) 'airflows' retrieved from /opt/airflow/dags/airflow.py
[2024-05-14T15:57:05.006+0000] {logging_mixin.py:188} INFO - [2024-05-14T15:57:05.006+0000] {dag.py:3096} INFO - Sync 1 DAGs
[2024-05-14T15:57:05.050+0000] {logging_mixin.py:188} INFO - [2024-05-14T15:57:05.049+0000] {dag.py:3954} INFO - Setting next_dagrun for airflows to None, run_after=None
[2024-05-14T15:57:05.080+0000] {processor.py:183} INFO - Processing /opt/airflow/dags/airflow.py took 0.201 seconds
[2024-05-14T15:57:35.218+0000] {processor.py:161} INFO - Started process (PID=2958) to work on /opt/airflow/dags/airflow.py
[2024-05-14T15:57:35.220+0000] {processor.py:830} INFO - Processing file /opt/airflow/dags/airflow.py for tasks to queue
[2024-05-14T15:57:35.222+0000] {logging_mixin.py:188} INFO - [2024-05-14T15:57:35.221+0000] {dagbag.py:545} INFO - Filling up the DagBag from /opt/airflow/dags/airflow.py
[2024-05-14T15:57:35.280+0000] {processor.py:840} INFO - DAG(s) 'airflows' retrieved from /opt/airflow/dags/airflow.py
[2024-05-14T15:57:35.344+0000] {logging_mixin.py:188} INFO - [2024-05-14T15:57:35.343+0000] {dag.py:3096} INFO - Sync 1 DAGs
[2024-05-14T15:57:35.422+0000] {logging_mixin.py:188} INFO - [2024-05-14T15:57:35.421+0000] {dag.py:3954} INFO - Setting next_dagrun for airflows to None, run_after=None
[2024-05-14T15:57:35.470+0000] {processor.py:183} INFO - Processing /opt/airflow/dags/airflow.py took 0.262 seconds
[2024-05-14T15:58:05.866+0000] {processor.py:161} INFO - Started process (PID=2966) to work on /opt/airflow/dags/airflow.py
[2024-05-14T15:58:05.867+0000] {processor.py:830} INFO - Processing file /opt/airflow/dags/airflow.py for tasks to queue
[2024-05-14T15:58:05.870+0000] {logging_mixin.py:188} INFO - [2024-05-14T15:58:05.869+0000] {dagbag.py:545} INFO - Filling up the DagBag from /opt/airflow/dags/airflow.py
[2024-05-14T15:58:05.932+0000] {processor.py:840} INFO - DAG(s) 'airflows' retrieved from /opt/airflow/dags/airflow.py
[2024-05-14T15:58:05.981+0000] {logging_mixin.py:188} INFO - [2024-05-14T15:58:05.981+0000] {dag.py:3096} INFO - Sync 1 DAGs
[2024-05-14T15:58:06.012+0000] {logging_mixin.py:188} INFO - [2024-05-14T15:58:06.012+0000] {dag.py:3954} INFO - Setting next_dagrun for airflows to None, run_after=None
[2024-05-14T15:58:06.044+0000] {processor.py:183} INFO - Processing /opt/airflow/dags/airflow.py took 0.188 seconds
[2024-05-14T15:58:36.278+0000] {processor.py:161} INFO - Started process (PID=2973) to work on /opt/airflow/dags/airflow.py
[2024-05-14T15:58:36.280+0000] {processor.py:830} INFO - Processing file /opt/airflow/dags/airflow.py for tasks to queue
[2024-05-14T15:58:36.283+0000] {logging_mixin.py:188} INFO - [2024-05-14T15:58:36.282+0000] {dagbag.py:545} INFO - Filling up the DagBag from /opt/airflow/dags/airflow.py
[2024-05-14T15:58:36.330+0000] {processor.py:840} INFO - DAG(s) 'airflows' retrieved from /opt/airflow/dags/airflow.py
[2024-05-14T15:58:36.374+0000] {logging_mixin.py:188} INFO - [2024-05-14T15:58:36.373+0000] {dag.py:3096} INFO - Sync 1 DAGs
[2024-05-14T15:58:36.409+0000] {logging_mixin.py:188} INFO - [2024-05-14T15:58:36.409+0000] {dag.py:3954} INFO - Setting next_dagrun for airflows to None, run_after=None
[2024-05-14T15:58:36.444+0000] {processor.py:183} INFO - Processing /opt/airflow/dags/airflow.py took 0.174 seconds
[2024-05-14T15:59:06.772+0000] {processor.py:161} INFO - Started process (PID=2980) to work on /opt/airflow/dags/airflow.py
[2024-05-14T15:59:06.774+0000] {processor.py:830} INFO - Processing file /opt/airflow/dags/airflow.py for tasks to queue
[2024-05-14T15:59:06.776+0000] {logging_mixin.py:188} INFO - [2024-05-14T15:59:06.776+0000] {dagbag.py:545} INFO - Filling up the DagBag from /opt/airflow/dags/airflow.py
[2024-05-14T15:59:06.832+0000] {processor.py:840} INFO - DAG(s) 'airflows' retrieved from /opt/airflow/dags/airflow.py
[2024-05-14T15:59:06.878+0000] {logging_mixin.py:188} INFO - [2024-05-14T15:59:06.877+0000] {dag.py:3096} INFO - Sync 1 DAGs
[2024-05-14T15:59:06.929+0000] {logging_mixin.py:188} INFO - [2024-05-14T15:59:06.929+0000] {dag.py:3954} INFO - Setting next_dagrun for airflows to None, run_after=None
[2024-05-14T15:59:06.976+0000] {processor.py:183} INFO - Processing /opt/airflow/dags/airflow.py took 0.212 seconds
[2024-05-14T15:59:37.118+0000] {processor.py:161} INFO - Started process (PID=2987) to work on /opt/airflow/dags/airflow.py
[2024-05-14T15:59:37.120+0000] {processor.py:830} INFO - Processing file /opt/airflow/dags/airflow.py for tasks to queue
[2024-05-14T15:59:37.122+0000] {logging_mixin.py:188} INFO - [2024-05-14T15:59:37.122+0000] {dagbag.py:545} INFO - Filling up the DagBag from /opt/airflow/dags/airflow.py
[2024-05-14T15:59:37.174+0000] {processor.py:840} INFO - DAG(s) 'airflows' retrieved from /opt/airflow/dags/airflow.py
[2024-05-14T15:59:37.213+0000] {logging_mixin.py:188} INFO - [2024-05-14T15:59:37.213+0000] {dag.py:3096} INFO - Sync 1 DAGs
[2024-05-14T15:59:37.243+0000] {logging_mixin.py:188} INFO - [2024-05-14T15:59:37.243+0000] {dag.py:3954} INFO - Setting next_dagrun for airflows to None, run_after=None
[2024-05-14T15:59:37.276+0000] {processor.py:183} INFO - Processing /opt/airflow/dags/airflow.py took 0.167 seconds
[2024-05-14T16:00:07.546+0000] {processor.py:161} INFO - Started process (PID=2994) to work on /opt/airflow/dags/airflow.py
[2024-05-14T16:00:07.548+0000] {processor.py:830} INFO - Processing file /opt/airflow/dags/airflow.py for tasks to queue
[2024-05-14T16:00:07.549+0000] {logging_mixin.py:188} INFO - [2024-05-14T16:00:07.549+0000] {dagbag.py:545} INFO - Filling up the DagBag from /opt/airflow/dags/airflow.py
[2024-05-14T16:00:07.592+0000] {processor.py:840} INFO - DAG(s) 'airflows' retrieved from /opt/airflow/dags/airflow.py
[2024-05-14T16:00:07.637+0000] {logging_mixin.py:188} INFO - [2024-05-14T16:00:07.636+0000] {dag.py:3096} INFO - Sync 1 DAGs
[2024-05-14T16:00:07.682+0000] {logging_mixin.py:188} INFO - [2024-05-14T16:00:07.681+0000] {dag.py:3954} INFO - Setting next_dagrun for airflows to None, run_after=None
[2024-05-14T16:00:07.722+0000] {processor.py:183} INFO - Processing /opt/airflow/dags/airflow.py took 0.185 seconds
[2024-05-14T16:00:37.832+0000] {processor.py:161} INFO - Started process (PID=3001) to work on /opt/airflow/dags/airflow.py
[2024-05-14T16:00:37.834+0000] {processor.py:830} INFO - Processing file /opt/airflow/dags/airflow.py for tasks to queue
[2024-05-14T16:00:37.836+0000] {logging_mixin.py:188} INFO - [2024-05-14T16:00:37.835+0000] {dagbag.py:545} INFO - Filling up the DagBag from /opt/airflow/dags/airflow.py
[2024-05-14T16:00:37.890+0000] {processor.py:840} INFO - DAG(s) 'airflows' retrieved from /opt/airflow/dags/airflow.py
[2024-05-14T16:00:37.932+0000] {logging_mixin.py:188} INFO - [2024-05-14T16:00:37.932+0000] {dag.py:3096} INFO - Sync 1 DAGs
[2024-05-14T16:00:37.964+0000] {logging_mixin.py:188} INFO - [2024-05-14T16:00:37.964+0000] {dag.py:3954} INFO - Setting next_dagrun for airflows to None, run_after=None
[2024-05-14T16:00:38.005+0000] {processor.py:183} INFO - Processing /opt/airflow/dags/airflow.py took 0.179 seconds
[2024-05-14T16:01:08.267+0000] {processor.py:161} INFO - Started process (PID=3008) to work on /opt/airflow/dags/airflow.py
[2024-05-14T16:01:08.269+0000] {processor.py:830} INFO - Processing file /opt/airflow/dags/airflow.py for tasks to queue
[2024-05-14T16:01:08.271+0000] {logging_mixin.py:188} INFO - [2024-05-14T16:01:08.270+0000] {dagbag.py:545} INFO - Filling up the DagBag from /opt/airflow/dags/airflow.py
[2024-05-14T16:01:08.320+0000] {processor.py:840} INFO - DAG(s) 'airflows' retrieved from /opt/airflow/dags/airflow.py
[2024-05-14T16:01:08.365+0000] {logging_mixin.py:188} INFO - [2024-05-14T16:01:08.365+0000] {dag.py:3096} INFO - Sync 1 DAGs
[2024-05-14T16:01:08.405+0000] {logging_mixin.py:188} INFO - [2024-05-14T16:01:08.404+0000] {dag.py:3954} INFO - Setting next_dagrun for airflows to None, run_after=None
[2024-05-14T16:01:08.441+0000] {processor.py:183} INFO - Processing /opt/airflow/dags/airflow.py took 0.185 seconds
[2024-05-14T16:01:38.860+0000] {processor.py:161} INFO - Started process (PID=3015) to work on /opt/airflow/dags/airflow.py
[2024-05-14T16:01:38.862+0000] {processor.py:830} INFO - Processing file /opt/airflow/dags/airflow.py for tasks to queue
[2024-05-14T16:01:38.864+0000] {logging_mixin.py:188} INFO - [2024-05-14T16:01:38.863+0000] {dagbag.py:545} INFO - Filling up the DagBag from /opt/airflow/dags/airflow.py
[2024-05-14T16:01:38.914+0000] {processor.py:840} INFO - DAG(s) 'airflows' retrieved from /opt/airflow/dags/airflow.py
[2024-05-14T16:01:38.960+0000] {logging_mixin.py:188} INFO - [2024-05-14T16:01:38.959+0000] {dag.py:3096} INFO - Sync 1 DAGs
[2024-05-14T16:01:39.015+0000] {logging_mixin.py:188} INFO - [2024-05-14T16:01:39.015+0000] {dag.py:3954} INFO - Setting next_dagrun for airflows to None, run_after=None
[2024-05-14T16:01:39.059+0000] {processor.py:183} INFO - Processing /opt/airflow/dags/airflow.py took 0.209 seconds
[2024-05-14T16:02:09.217+0000] {processor.py:161} INFO - Started process (PID=3022) to work on /opt/airflow/dags/airflow.py
[2024-05-14T16:02:09.219+0000] {processor.py:830} INFO - Processing file /opt/airflow/dags/airflow.py for tasks to queue
[2024-05-14T16:02:09.221+0000] {logging_mixin.py:188} INFO - [2024-05-14T16:02:09.220+0000] {dagbag.py:545} INFO - Filling up the DagBag from /opt/airflow/dags/airflow.py
[2024-05-14T16:02:09.280+0000] {processor.py:840} INFO - DAG(s) 'airflows' retrieved from /opt/airflow/dags/airflow.py
[2024-05-14T16:02:09.324+0000] {logging_mixin.py:188} INFO - [2024-05-14T16:02:09.324+0000] {dag.py:3096} INFO - Sync 1 DAGs
[2024-05-14T16:02:09.356+0000] {logging_mixin.py:188} INFO - [2024-05-14T16:02:09.356+0000] {dag.py:3954} INFO - Setting next_dagrun for airflows to None, run_after=None
[2024-05-14T16:02:09.383+0000] {processor.py:183} INFO - Processing /opt/airflow/dags/airflow.py took 0.177 seconds
[2024-05-14T16:02:39.819+0000] {processor.py:161} INFO - Started process (PID=3030) to work on /opt/airflow/dags/airflow.py
[2024-05-14T16:02:39.821+0000] {processor.py:830} INFO - Processing file /opt/airflow/dags/airflow.py for tasks to queue
[2024-05-14T16:02:39.824+0000] {logging_mixin.py:188} INFO - [2024-05-14T16:02:39.823+0000] {dagbag.py:545} INFO - Filling up the DagBag from /opt/airflow/dags/airflow.py
[2024-05-14T16:02:39.878+0000] {processor.py:840} INFO - DAG(s) 'airflows' retrieved from /opt/airflow/dags/airflow.py
[2024-05-14T16:02:39.966+0000] {logging_mixin.py:188} INFO - [2024-05-14T16:02:39.965+0000] {dag.py:3096} INFO - Sync 1 DAGs
[2024-05-14T16:02:40.019+0000] {logging_mixin.py:188} INFO - [2024-05-14T16:02:40.019+0000] {dag.py:3954} INFO - Setting next_dagrun for airflows to None, run_after=None
[2024-05-14T16:02:40.075+0000] {processor.py:183} INFO - Processing /opt/airflow/dags/airflow.py took 0.270 seconds
[2024-05-14T16:03:10.180+0000] {processor.py:161} INFO - Started process (PID=3037) to work on /opt/airflow/dags/airflow.py
[2024-05-14T16:03:10.181+0000] {processor.py:830} INFO - Processing file /opt/airflow/dags/airflow.py for tasks to queue
[2024-05-14T16:03:10.183+0000] {logging_mixin.py:188} INFO - [2024-05-14T16:03:10.183+0000] {dagbag.py:545} INFO - Filling up the DagBag from /opt/airflow/dags/airflow.py
[2024-05-14T16:03:10.229+0000] {processor.py:840} INFO - DAG(s) 'airflows' retrieved from /opt/airflow/dags/airflow.py
[2024-05-14T16:03:10.274+0000] {logging_mixin.py:188} INFO - [2024-05-14T16:03:10.274+0000] {dag.py:3096} INFO - Sync 1 DAGs
[2024-05-14T16:03:10.318+0000] {logging_mixin.py:188} INFO - [2024-05-14T16:03:10.318+0000] {dag.py:3954} INFO - Setting next_dagrun for airflows to None, run_after=None
[2024-05-14T16:03:10.350+0000] {processor.py:183} INFO - Processing /opt/airflow/dags/airflow.py took 0.181 seconds
[2024-05-14T16:03:40.583+0000] {processor.py:161} INFO - Started process (PID=3044) to work on /opt/airflow/dags/airflow.py
[2024-05-14T16:03:40.585+0000] {processor.py:830} INFO - Processing file /opt/airflow/dags/airflow.py for tasks to queue
[2024-05-14T16:03:40.587+0000] {logging_mixin.py:188} INFO - [2024-05-14T16:03:40.586+0000] {dagbag.py:545} INFO - Filling up the DagBag from /opt/airflow/dags/airflow.py
[2024-05-14T16:03:40.648+0000] {processor.py:840} INFO - DAG(s) 'airflows' retrieved from /opt/airflow/dags/airflow.py
[2024-05-14T16:03:40.683+0000] {logging_mixin.py:188} INFO - [2024-05-14T16:03:40.683+0000] {dag.py:3096} INFO - Sync 1 DAGs
[2024-05-14T16:03:40.712+0000] {logging_mixin.py:188} INFO - [2024-05-14T16:03:40.712+0000] {dag.py:3954} INFO - Setting next_dagrun for airflows to None, run_after=None
[2024-05-14T16:03:40.742+0000] {processor.py:183} INFO - Processing /opt/airflow/dags/airflow.py took 0.165 seconds
[2024-05-14T16:04:10.952+0000] {processor.py:161} INFO - Started process (PID=3051) to work on /opt/airflow/dags/airflow.py
[2024-05-14T16:04:10.954+0000] {processor.py:830} INFO - Processing file /opt/airflow/dags/airflow.py for tasks to queue
[2024-05-14T16:04:10.956+0000] {logging_mixin.py:188} INFO - [2024-05-14T16:04:10.955+0000] {dagbag.py:545} INFO - Filling up the DagBag from /opt/airflow/dags/airflow.py
[2024-05-14T16:04:11.009+0000] {processor.py:840} INFO - DAG(s) 'airflows' retrieved from /opt/airflow/dags/airflow.py
[2024-05-14T16:04:11.055+0000] {logging_mixin.py:188} INFO - [2024-05-14T16:04:11.054+0000] {dag.py:3096} INFO - Sync 1 DAGs
[2024-05-14T16:04:11.103+0000] {logging_mixin.py:188} INFO - [2024-05-14T16:04:11.103+0000] {dag.py:3954} INFO - Setting next_dagrun for airflows to None, run_after=None
[2024-05-14T16:04:11.153+0000] {processor.py:183} INFO - Processing /opt/airflow/dags/airflow.py took 0.215 seconds
[2024-05-14T16:04:41.332+0000] {processor.py:161} INFO - Started process (PID=3058) to work on /opt/airflow/dags/airflow.py
[2024-05-14T16:04:41.334+0000] {processor.py:830} INFO - Processing file /opt/airflow/dags/airflow.py for tasks to queue
[2024-05-14T16:04:41.336+0000] {logging_mixin.py:188} INFO - [2024-05-14T16:04:41.335+0000] {dagbag.py:545} INFO - Filling up the DagBag from /opt/airflow/dags/airflow.py
[2024-05-14T16:04:41.379+0000] {processor.py:840} INFO - DAG(s) 'airflows' retrieved from /opt/airflow/dags/airflow.py
[2024-05-14T16:04:41.431+0000] {logging_mixin.py:188} INFO - [2024-05-14T16:04:41.430+0000] {dag.py:3096} INFO - Sync 1 DAGs
[2024-05-14T16:04:41.474+0000] {logging_mixin.py:188} INFO - [2024-05-14T16:04:41.474+0000] {dag.py:3954} INFO - Setting next_dagrun for airflows to None, run_after=None
[2024-05-14T16:04:41.509+0000] {processor.py:183} INFO - Processing /opt/airflow/dags/airflow.py took 0.186 seconds
[2024-05-14T16:05:11.762+0000] {processor.py:161} INFO - Started process (PID=3065) to work on /opt/airflow/dags/airflow.py
[2024-05-14T16:05:11.764+0000] {processor.py:830} INFO - Processing file /opt/airflow/dags/airflow.py for tasks to queue
[2024-05-14T16:05:11.767+0000] {logging_mixin.py:188} INFO - [2024-05-14T16:05:11.766+0000] {dagbag.py:545} INFO - Filling up the DagBag from /opt/airflow/dags/airflow.py
[2024-05-14T16:05:11.822+0000] {processor.py:840} INFO - DAG(s) 'airflows' retrieved from /opt/airflow/dags/airflow.py
[2024-05-14T16:05:11.858+0000] {logging_mixin.py:188} INFO - [2024-05-14T16:05:11.857+0000] {dag.py:3096} INFO - Sync 1 DAGs
[2024-05-14T16:05:11.894+0000] {logging_mixin.py:188} INFO - [2024-05-14T16:05:11.894+0000] {dag.py:3954} INFO - Setting next_dagrun for airflows to None, run_after=None
[2024-05-14T16:05:11.922+0000] {processor.py:183} INFO - Processing /opt/airflow/dags/airflow.py took 0.177 seconds
[2024-05-14T16:05:42.103+0000] {processor.py:161} INFO - Started process (PID=3072) to work on /opt/airflow/dags/airflow.py
[2024-05-14T16:05:42.105+0000] {processor.py:830} INFO - Processing file /opt/airflow/dags/airflow.py for tasks to queue
[2024-05-14T16:05:42.107+0000] {logging_mixin.py:188} INFO - [2024-05-14T16:05:42.106+0000] {dagbag.py:545} INFO - Filling up the DagBag from /opt/airflow/dags/airflow.py
[2024-05-14T16:05:42.176+0000] {processor.py:840} INFO - DAG(s) 'airflows' retrieved from /opt/airflow/dags/airflow.py
[2024-05-14T16:05:42.228+0000] {logging_mixin.py:188} INFO - [2024-05-14T16:05:42.228+0000] {dag.py:3096} INFO - Sync 1 DAGs
[2024-05-14T16:05:42.263+0000] {logging_mixin.py:188} INFO - [2024-05-14T16:05:42.263+0000] {dag.py:3954} INFO - Setting next_dagrun for airflows to None, run_after=None
[2024-05-14T16:05:42.294+0000] {processor.py:183} INFO - Processing /opt/airflow/dags/airflow.py took 0.202 seconds
[2024-05-14T16:06:12.383+0000] {processor.py:161} INFO - Started process (PID=3079) to work on /opt/airflow/dags/airflow.py
[2024-05-14T16:06:12.385+0000] {processor.py:830} INFO - Processing file /opt/airflow/dags/airflow.py for tasks to queue
[2024-05-14T16:06:12.386+0000] {logging_mixin.py:188} INFO - [2024-05-14T16:06:12.386+0000] {dagbag.py:545} INFO - Filling up the DagBag from /opt/airflow/dags/airflow.py
[2024-05-14T16:06:12.442+0000] {processor.py:840} INFO - DAG(s) 'airflows' retrieved from /opt/airflow/dags/airflow.py
[2024-05-14T16:06:12.478+0000] {logging_mixin.py:188} INFO - [2024-05-14T16:06:12.477+0000] {dag.py:3096} INFO - Sync 1 DAGs
[2024-05-14T16:06:12.504+0000] {logging_mixin.py:188} INFO - [2024-05-14T16:06:12.504+0000] {dag.py:3954} INFO - Setting next_dagrun for airflows to None, run_after=None
[2024-05-14T16:06:12.532+0000] {processor.py:183} INFO - Processing /opt/airflow/dags/airflow.py took 0.155 seconds
[2024-05-14T16:06:42.669+0000] {processor.py:161} INFO - Started process (PID=3086) to work on /opt/airflow/dags/airflow.py
[2024-05-14T16:06:42.671+0000] {processor.py:830} INFO - Processing file /opt/airflow/dags/airflow.py for tasks to queue
[2024-05-14T16:06:42.673+0000] {logging_mixin.py:188} INFO - [2024-05-14T16:06:42.672+0000] {dagbag.py:545} INFO - Filling up the DagBag from /opt/airflow/dags/airflow.py
[2024-05-14T16:06:42.729+0000] {processor.py:840} INFO - DAG(s) 'airflows' retrieved from /opt/airflow/dags/airflow.py
[2024-05-14T16:06:42.766+0000] {logging_mixin.py:188} INFO - [2024-05-14T16:06:42.765+0000] {dag.py:3096} INFO - Sync 1 DAGs
[2024-05-14T16:06:42.796+0000] {logging_mixin.py:188} INFO - [2024-05-14T16:06:42.795+0000] {dag.py:3954} INFO - Setting next_dagrun for airflows to None, run_after=None
[2024-05-14T16:06:42.825+0000] {processor.py:183} INFO - Processing /opt/airflow/dags/airflow.py took 0.162 seconds
[2024-05-14T16:07:13.075+0000] {processor.py:161} INFO - Started process (PID=3093) to work on /opt/airflow/dags/airflow.py
[2024-05-14T16:07:13.077+0000] {processor.py:830} INFO - Processing file /opt/airflow/dags/airflow.py for tasks to queue
[2024-05-14T16:07:13.079+0000] {logging_mixin.py:188} INFO - [2024-05-14T16:07:13.078+0000] {dagbag.py:545} INFO - Filling up the DagBag from /opt/airflow/dags/airflow.py
[2024-05-14T16:07:13.118+0000] {processor.py:840} INFO - DAG(s) 'airflows' retrieved from /opt/airflow/dags/airflow.py
[2024-05-14T16:07:13.162+0000] {logging_mixin.py:188} INFO - [2024-05-14T16:07:13.162+0000] {dag.py:3096} INFO - Sync 1 DAGs
[2024-05-14T16:07:13.196+0000] {logging_mixin.py:188} INFO - [2024-05-14T16:07:13.196+0000] {dag.py:3954} INFO - Setting next_dagrun for airflows to None, run_after=None
[2024-05-14T16:07:13.228+0000] {processor.py:183} INFO - Processing /opt/airflow/dags/airflow.py took 0.162 seconds
[2024-05-14T16:07:43.383+0000] {processor.py:161} INFO - Started process (PID=3100) to work on /opt/airflow/dags/airflow.py
[2024-05-14T16:07:43.385+0000] {processor.py:830} INFO - Processing file /opt/airflow/dags/airflow.py for tasks to queue
[2024-05-14T16:07:43.387+0000] {logging_mixin.py:188} INFO - [2024-05-14T16:07:43.386+0000] {dagbag.py:545} INFO - Filling up the DagBag from /opt/airflow/dags/airflow.py
[2024-05-14T16:07:43.458+0000] {processor.py:840} INFO - DAG(s) 'airflows' retrieved from /opt/airflow/dags/airflow.py
[2024-05-14T16:07:43.554+0000] {logging_mixin.py:188} INFO - [2024-05-14T16:07:43.553+0000] {dag.py:3096} INFO - Sync 1 DAGs
[2024-05-14T16:07:43.613+0000] {logging_mixin.py:188} INFO - [2024-05-14T16:07:43.612+0000] {dag.py:3954} INFO - Setting next_dagrun for airflows to None, run_after=None
[2024-05-14T16:07:43.655+0000] {processor.py:183} INFO - Processing /opt/airflow/dags/airflow.py took 0.286 seconds
[2024-05-14T16:08:13.854+0000] {processor.py:161} INFO - Started process (PID=3107) to work on /opt/airflow/dags/airflow.py
[2024-05-14T16:08:13.855+0000] {processor.py:830} INFO - Processing file /opt/airflow/dags/airflow.py for tasks to queue
[2024-05-14T16:08:13.857+0000] {logging_mixin.py:188} INFO - [2024-05-14T16:08:13.857+0000] {dagbag.py:545} INFO - Filling up the DagBag from /opt/airflow/dags/airflow.py
[2024-05-14T16:08:13.911+0000] {processor.py:840} INFO - DAG(s) 'airflows' retrieved from /opt/airflow/dags/airflow.py
[2024-05-14T16:08:13.970+0000] {logging_mixin.py:188} INFO - [2024-05-14T16:08:13.970+0000] {dag.py:3096} INFO - Sync 1 DAGs
[2024-05-14T16:08:14.017+0000] {logging_mixin.py:188} INFO - [2024-05-14T16:08:14.016+0000] {dag.py:3954} INFO - Setting next_dagrun for airflows to None, run_after=None
[2024-05-14T16:08:14.069+0000] {processor.py:183} INFO - Processing /opt/airflow/dags/airflow.py took 0.225 seconds
[2024-05-14T16:08:44.339+0000] {processor.py:161} INFO - Started process (PID=3114) to work on /opt/airflow/dags/airflow.py
[2024-05-14T16:08:44.341+0000] {processor.py:830} INFO - Processing file /opt/airflow/dags/airflow.py for tasks to queue
[2024-05-14T16:08:44.342+0000] {logging_mixin.py:188} INFO - [2024-05-14T16:08:44.342+0000] {dagbag.py:545} INFO - Filling up the DagBag from /opt/airflow/dags/airflow.py
[2024-05-14T16:08:44.394+0000] {processor.py:840} INFO - DAG(s) 'airflows' retrieved from /opt/airflow/dags/airflow.py
[2024-05-14T16:08:44.433+0000] {logging_mixin.py:188} INFO - [2024-05-14T16:08:44.432+0000] {dag.py:3096} INFO - Sync 1 DAGs
[2024-05-14T16:08:44.464+0000] {logging_mixin.py:188} INFO - [2024-05-14T16:08:44.463+0000] {dag.py:3954} INFO - Setting next_dagrun for airflows to None, run_after=None
[2024-05-14T16:08:44.492+0000] {processor.py:183} INFO - Processing /opt/airflow/dags/airflow.py took 0.160 seconds
